<?xml version="1.0" encoding="UTF-8"?>
<testng-results ignored="0" total="2" passed="2" failed="0" skipped="0">
  <reporter-output>
  </reporter-output>
  <suite started-at="2022-12-13T10:44:36 IST" name="Default suite" finished-at="2022-12-13T10:45:13 IST" duration-ms="36772">
    <groups>
    </groups>
    <test started-at="2022-12-13T10:44:36 IST" name="Default test" finished-at="2022-12-13T10:45:13 IST" duration-ms="36772">
      <class name="com.nopcommerce.testcase.CheckingOrderPlacing">
        <test-method is-config="true" signature="browserLaunch()[pri:0, instance:com.nopcommerce.testcase.CheckingOrderPlacing@2cb4893b]" started-at="2022-12-13T10:44:25 IST" name="browserLaunch" finished-at="2022-12-13T10:44:36 IST" duration-ms="10857" status="PASS">
          <reporter-output>
          </reporter-output>
        </test-method> <!-- browserLaunch -->
        <test-method signature="register()[pri:1, instance:com.nopcommerce.testcase.CheckingOrderPlacing@2cb4893b]" started-at="2022-12-13T10:44:36 IST" name="register" finished-at="2022-12-13T10:44:44 IST" duration-ms="8085" status="PASS">
          <reporter-output>
          </reporter-output>
        </test-method> <!-- register -->
        <test-method signature="OrderPlacing()[pri:2, instance:com.nopcommerce.testcase.CheckingOrderPlacing@2cb4893b]" started-at="2022-12-13T10:44:44 IST" name="OrderPlacing" finished-at="2022-12-13T10:45:13 IST" duration-ms="28537" status="PASS">
          <reporter-output>
          </reporter-output>
        </test-method> <!-- OrderPlacing -->
        <test-method is-config="true" signature="tearDown()[pri:0, instance:com.nopcommerce.testcase.CheckingOrderPlacing@2cb4893b]" started-at="2022-12-13T10:45:13 IST" name="tearDown" finished-at="2022-12-13T10:45:14 IST" duration-ms="656" status="PASS">
          <reporter-output>
          </reporter-output>
        </test-method> <!-- tearDown -->
      </class> <!-- com.nopcommerce.testcase.CheckingOrderPlacing -->
    </test> <!-- Default test -->
  </suite> <!-- Default suite -->
</testng-results>
