<?xml version="1.0" encoding="UTF-8"?>
<testng-results ignored="0" total="5" passed="5" failed="0" skipped="0">
  <reporter-output>
  </reporter-output>
  <suite started-at="2022-12-05T14:22:42 IST" name="Default suite" finished-at="2022-12-05T14:22:42 IST" duration-ms="217">
    <groups>
    </groups>
    <test started-at="2022-12-05T14:22:42 IST" name="Default test" finished-at="2022-12-05T14:22:42 IST" duration-ms="217">
      <class name="com.maven.TestNG.DependsOnMethode">
        <test-method signature="login()[pri:0, instance:com.maven.TestNG.DependsOnMethode@2805d709]" started-at="2022-12-05T14:22:42 IST" name="login" finished-at="2022-12-05T14:22:42 IST" duration-ms="23" status="PASS">
          <reporter-output>
          </reporter-output>
        </test-method> <!-- login -->
        <test-method signature="search()[pri:0, instance:com.maven.TestNG.DependsOnMethode@2805d709]" started-at="2022-12-05T14:22:42 IST" name="search" finished-at="2022-12-05T14:22:42 IST" depends-on-methods="com.maven.TestNG.login" duration-ms="4" status="PASS">
          <reporter-output>
          </reporter-output>
        </test-method> <!-- search -->
        <test-method signature="chooseProduct()[pri:0, instance:com.maven.TestNG.DependsOnMethode@2805d709]" started-at="2022-12-05T14:22:42 IST" name="chooseProduct" finished-at="2022-12-05T14:22:42 IST" depends-on-methods="com.maven.TestNG.search" duration-ms="4" status="PASS">
          <reporter-output>
          </reporter-output>
        </test-method> <!-- chooseProduct -->
        <test-method signature="addToCart()[pri:0, instance:com.maven.TestNG.DependsOnMethode@2805d709]" started-at="2022-12-05T14:22:42 IST" name="addToCart" finished-at="2022-12-05T14:22:42 IST" depends-on-methods="com.maven.TestNG.chooseProduct" duration-ms="4" status="PASS">
          <reporter-output>
          </reporter-output>
        </test-method> <!-- addToCart -->
        <test-method signature="deleteFromCart()[pri:0, instance:com.maven.TestNG.DependsOnMethode@2805d709]" started-at="2022-12-05T14:22:42 IST" name="deleteFromCart" finished-at="2022-12-05T14:22:42 IST" depends-on-methods="com.maven.TestNG.addToCart" duration-ms="7" status="PASS">
          <reporter-output>
          </reporter-output>
        </test-method> <!-- deleteFromCart -->
      </class> <!-- com.maven.TestNG.DependsOnMethode -->
    </test> <!-- Default test -->
  </suite> <!-- Default suite -->
</testng-results>
