<?xml version="1.0" encoding="UTF-8"?>
<!-- Generated by org.testng.reporters.JUnitXMLReporter -->
<testsuite ignored="0" hostname="DESKTOP-4RVIL0V" failures="0" tests="5" name="Default test" time="0.217" errors="0" timestamp="2022-12-05T14:22:42 IST">
  <testcase classname="com.maven.TestNG.DependsOnMethode" name="login" time="0.023"/>
  <testcase classname="com.maven.TestNG.DependsOnMethode" name="search" time="0.004"/>
  <testcase classname="com.maven.TestNG.DependsOnMethode" name="chooseProduct" time="0.004"/>
  <testcase classname="com.maven.TestNG.DependsOnMethode" name="addToCart" time="0.004"/>
  <testcase classname="com.maven.TestNG.DependsOnMethode" name="deleteFromCart" time="0.007"/>
</testsuite> <!-- Default test -->
